Fetching registry information from https://github.com/microsoft/vcpkg (HEAD)...
Detecting compiler hash for triplet x64-mingw-dynamic...
Compiler found: C:/msys64/ucrt64/bin/x86_64-w64-mingw32-g++.exe
The following packages will be built and installed:
    opencl:x64-mingw-dynamic@v2024.05.08 -- C:\Users\iurko\AppData\Local\vcpkg\registries\git-trees\37ee1974a90da69c3cf4536bab58bf7b5a208a47
  * vcpkg-cmake:x64-mingw-dynamic@2024-04-23 -- C:\Users\iurko\AppData\Local\vcpkg\registries\git-trees\e74aa1e8f93278a8e71372f1fa08c3df420eb840
  * vcpkg-cmake-config:x64-mingw-dynamic@2024-05-23 -- C:\Users\iurko\AppData\Local\vcpkg\registries\git-trees\97a63e4bc1a17422ffe4eff71da53b4b561a7841
Additional packages (*) will be modified to complete this operation.
Restored 0 package(s) from C:\Users\iurko\AppData\Local\vcpkg\archives in 256 us. Use --debug to see more details.
Installing 1/3 vcpkg-cmake-config:x64-mingw-dynamic@2024-05-23...
Building vcpkg-cmake-config:x64-mingw-dynamic@2024-05-23...
C:\msys64\home\iurko\vcpkg\triplets\community\x64-mingw-dynamic.cmake: info: loaded community triplet from here. Community triplets are not built in the curated registry and are thus less likely to succeed.
C:\Users\iurko\AppData\Local\vcpkg\registries\git-trees\97a63e4bc1a17422ffe4eff71da53b4b561a7841: info: installing overlay port from here
-- Installing: C:/msys64/home/iurko/vcpkg/packages/vcpkg-cmake-config_x64-mingw-dynamic/share/vcpkg-cmake-config/vcpkg_cmake_config_fixup.cmake
-- Installing: C:/msys64/home/iurko/vcpkg/packages/vcpkg-cmake-config_x64-mingw-dynamic/share/vcpkg-cmake-config/vcpkg-port-config.cmake
-- Installing: C:/msys64/home/iurko/vcpkg/packages/vcpkg-cmake-config_x64-mingw-dynamic/share/vcpkg-cmake-config/copyright
-- Skipping post-build validation due to VCPKG_POLICY_EMPTY_PACKAGE
Stored binaries in 1 destinations in 49.5 ms.
Elapsed time to handle vcpkg-cmake-config:x64-mingw-dynamic: 122 ms
vcpkg-cmake-config:x64-mingw-dynamic package ABI: f703fede62a30a9bec693db655eb61fe839b17ddf40771bfb54c7b4f6d8d3087
Installing 2/3 vcpkg-cmake:x64-mingw-dynamic@2024-04-23...
Building vcpkg-cmake:x64-mingw-dynamic@2024-04-23...
C:\msys64\home\iurko\vcpkg\triplets\community\x64-mingw-dynamic.cmake: info: loaded community triplet from here. Community triplets are not built in the curated registry and are thus less likely to succeed.
C:\Users\iurko\AppData\Local\vcpkg\registries\git-trees\e74aa1e8f93278a8e71372f1fa08c3df420eb840: info: installing overlay port from here
-- Installing: C:/msys64/home/iurko/vcpkg/packages/vcpkg-cmake_x64-mingw-dynamic/share/vcpkg-cmake/vcpkg_cmake_configure.cmake
-- Installing: C:/msys64/home/iurko/vcpkg/packages/vcpkg-cmake_x64-mingw-dynamic/share/vcpkg-cmake/vcpkg_cmake_build.cmake
-- Installing: C:/msys64/home/iurko/vcpkg/packages/vcpkg-cmake_x64-mingw-dynamic/share/vcpkg-cmake/vcpkg_cmake_install.cmake
-- Installing: C:/msys64/home/iurko/vcpkg/packages/vcpkg-cmake_x64-mingw-dynamic/share/vcpkg-cmake/vcpkg-port-config.cmake
-- Installing: C:/msys64/home/iurko/vcpkg/packages/vcpkg-cmake_x64-mingw-dynamic/share/vcpkg-cmake/copyright
-- Performing post-build validation
Stored binaries in 1 destinations in 44 ms.
Elapsed time to handle vcpkg-cmake:x64-mingw-dynamic: 132 ms
vcpkg-cmake:x64-mingw-dynamic package ABI: 04267e0dc34ce0b30492cf40816ab8c6fe8c27807018abdfaab567a7b97990e6
Installing 3/3 opencl:x64-mingw-dynamic@v2024.05.08...
Building opencl:x64-mingw-dynamic@v2024.05.08...
C:\msys64\home\iurko\vcpkg\triplets\community\x64-mingw-dynamic.cmake: info: loaded community triplet from here. Community triplets are not built in the curated registry and are thus less likely to succeed.
C:\Users\iurko\AppData\Local\vcpkg\registries\git-trees\37ee1974a90da69c3cf4536bab58bf7b5a208a47: info: installing overlay port from here
Downloading KhronosGroup-OpenCL-SDK-v2024.05.08.tar.gz
Successfully downloaded KhronosGroup-OpenCL-SDK-v2024.05.08.tar.gz.
-- Extracting source C:/msys64/home/iurko/vcpkg/downloads/KhronosGroup-OpenCL-SDK-v2024.05.08.tar.gz
-- Using source at C:/msys64/home/iurko/vcpkg/buildtrees/opencl/src/2024.05.08-6fbcbf258d.clean
Downloading KhronosGroup-OpenCL-Headers-v2024.05.08.tar.gz
Successfully downloaded KhronosGroup-OpenCL-Headers-v2024.05.08.tar.gz.
-- Extracting source C:/msys64/home/iurko/vcpkg/downloads/KhronosGroup-OpenCL-Headers-v2024.05.08.tar.gz
-- Using source at C:/msys64/home/iurko/vcpkg/buildtrees/opencl/src/2024.05.08-2e9150b480.clean
Downloading KhronosGroup-OpenCL-CLHPP-v2024.05.08.tar.gz
Successfully downloaded KhronosGroup-OpenCL-CLHPP-v2024.05.08.tar.gz.
-- Extracting source C:/msys64/home/iurko/vcpkg/downloads/KhronosGroup-OpenCL-CLHPP-v2024.05.08.tar.gz
-- Using source at C:/msys64/home/iurko/vcpkg/buildtrees/opencl/src/2024.05.08-00924f5e9c.clean
Downloading KhronosGroup-OpenCL-ICD-Loader-v2024.05.08.tar.gz
Successfully downloaded KhronosGroup-OpenCL-ICD-Loader-v2024.05.08.tar.gz.
-- Extracting source C:/msys64/home/iurko/vcpkg/downloads/KhronosGroup-OpenCL-ICD-Loader-v2024.05.08.tar.gz
-- Using source at C:/msys64/home/iurko/vcpkg/buildtrees/opencl/src/2024.05.08-677a96f287.clean
Downloading gpakosz-whereami-f5e3eac441acbb4ec1fe3e2c32646248ae463398.tar.gz
Successfully downloaded gpakosz-whereami-f5e3eac441acbb4ec1fe3e2c32646248ae463398.tar.gz.
-- Extracting source C:/msys64/home/iurko/vcpkg/downloads/gpakosz-whereami-f5e3eac441acbb4ec1fe3e2c32646248ae463398.tar.gz
-- Using source at C:/msys64/home/iurko/vcpkg/buildtrees/opencl/src/48ae463398-1023f998ec.clean
-- Found external ninja('1.12.1').
-- Configuring x64-mingw-dynamic
-- Building x64-mingw-dynamic-dbg
-- Building x64-mingw-dynamic-rel
-- Fixing pkgconfig file: C:/msys64/home/iurko/vcpkg/packages/opencl_x64-mingw-dynamic/lib/pkgconfig/OpenCL.pc
-- Fixing pkgconfig file: C:/msys64/home/iurko/vcpkg/packages/opencl_x64-mingw-dynamic/share/pkgconfig/OpenCL-CLHPP.pc
-- Fixing pkgconfig file: C:/msys64/home/iurko/vcpkg/packages/opencl_x64-mingw-dynamic/share/pkgconfig/OpenCL-Headers.pc
Downloading msys2-mingw-w64-x86_64-pkgconf-1~2.3.0-1-any.pkg.tar.zst
Successfully downloaded msys2-mingw-w64-x86_64-pkgconf-1~2.3.0-1-any.pkg.tar.zst.
Downloading msys2-msys2-runtime-3.5.4-2-x86_64.pkg.tar.zst
Successfully downloaded msys2-msys2-runtime-3.5.4-2-x86_64.pkg.tar.zst.
-- Using msys root at C:/msys64/home/iurko/vcpkg/downloads/tools/msys2/21caed2f81ec917b
-- Fixing pkgconfig file: C:/msys64/home/iurko/vcpkg/packages/opencl_x64-mingw-dynamic/debug/lib/pkgconfig/OpenCL.pc
-- Fixing pkgconfig file: C:/msys64/home/iurko/vcpkg/packages/opencl_x64-mingw-dynamic/debug/share/pkgconfig/OpenCL-CLHPP.pc
-- Fixing pkgconfig file: C:/msys64/home/iurko/vcpkg/packages/opencl_x64-mingw-dynamic/debug/share/pkgconfig/OpenCL-Headers.pc
-- Performing post-build validation
Stored binaries in 1 destinations in 202 ms.
Elapsed time to handle opencl:x64-mingw-dynamic: 41 s
opencl:x64-mingw-dynamic package ABI: 6a9a85d9587697599b9049a4b47d9a6c28367b0f3fd27dce533b4938fba67263
Total install time: 42 s
opencl provides CMake targets:

  find_package(OpenCL CONFIG REQUIRED)

  # Khronos OpenCL ICD Loader
  target_link_libraries(main PRIVATE OpenCL::OpenCL)

  # Khronos OpenCL Headers and C++ bindings
  target_link_libraries(main PRIVATE OpenCL::Headers)
  target_link_libraries(main PRIVATE OpenCL::HeadersCpp)

  # OpenCL Utility Library and C++ bindings
  target_link_libraries(main PRIVATE OpenCL::Utils)
  target_link_libraries(main PRIVATE OpenCL::UtilsCpp)

opencl provides pkg-config modules:

  # Khronos OpenCL ICD Loader
  OpenCL

  # Khronos OpenCL Headers and C++ bindings
  OpenCL-Headers
  OpenCL-CLHPP

This package is only an OpenCL SDK. To actually run OpenCL code you also need to install an implementation.

  Windows: Implementations typically ship with the drivers of you CPU/GPU vendors.
  Linux:   Implementations may be installed from your distro's repo or manually.
  Apple:   Consult your distribution vendor on the state of OpenCL support:
           https://support.apple.com/en-us/HT202823

